{"uuid":"118b95d8-564a-427c-bd64-85a4e5cc2f13","historyId":"d3ed277b530cc8ec9e1a4c46e4b7df86","fullName":"Mymarket.SearchPageTests.SearchOnlineShop","labels":[{"name":"package","value":"Mymarket.SearchPageTests"},{"name":"testClass","value":"Mymarket.SearchPageTests"},{"name":"testMethod","value":"SearchOnlineShop"},{"name":"parentSuite","value":"Default Suite"},{"name":"suite","value":"Mymarket"},{"name":"subSuite","value":"Mymarket.SearchPageTests"},{"name":"host","value":"DESKTOP-SASB5U7"},{"name":"thread","value":"12964@DESKTOP-SASB5U7.main(1)"},{"name":"framework","value":"testng"},{"name":"language","value":"java"},{"name":"severity","value":"critical"}],"links":[],"name":"SearchOnlineShop","status":"failed","statusDetails":{"known":false,"muted":false,"flaky":false,"message":"Invalid element state [[type=\"submit\"]]: element click intercepted: Element <button type=\"submit\" class=\"search-icon position-absolute border-0 rounded-circle align-items-center p-0 d-flex align-items-center justify-content-center\">...</button> is not clickable at point (949, 200). Other element would receive the click: <img class=\"w-100\" src=\"/react/build/static/media/securityNew.b4c486c81d2dcb337cda.jpg\" alt=\"\">\r\nScreenshot: file:/C:/Users/rezo%20gokadze/Desktop/Tnet/Mymarket/build/reports/tests/1666963253402.5.png\r\nPage source: file:/C:/Users/rezo%20gokadze/Desktop/Tnet/Mymarket/build/reports/tests/1666963253402.5.html\r\nTimeout: 4 s.\r\nCaused by: ElementClickInterceptedException: element click intercepted: Element <button type=\"submit\" class=\"search-icon position-absolute border-0 rounded-circle align-items-center p-0 d-flex align-items-center justify-content-center\">...</button> is not clickable at point (949, 200). Other element would receive the click: <img class=\"w-100\" src=\"/react/build/static/media/securityNew.b4c486c81d2dcb337cda.jpg\" alt=\"\">","trace":"Invalid element state [[type=\"submit\"]]: element click intercepted: Element <button type=\"submit\" class=\"search-icon position-absolute border-0 rounded-circle align-items-center p-0 d-flex align-items-center justify-content-center\">...</button> is not clickable at point (949, 200). Other element would receive the click: <img class=\"w-100\" src=\"/react/build/static/media/securityNew.b4c486c81d2dcb337cda.jpg\" alt=\"\">\r\nScreenshot: file:/C:/Users/rezo%20gokadze/Desktop/Tnet/Mymarket/build/reports/tests/1666963253402.5.png\r\nPage source: file:/C:/Users/rezo%20gokadze/Desktop/Tnet/Mymarket/build/reports/tests/1666963253402.5.html\r\nTimeout: 4 s.\r\nCaused by: ElementClickInterceptedException: element click intercepted: Element <button type=\"submit\" class=\"search-icon position-absolute border-0 rounded-circle align-items-center p-0 d-flex align-items-center justify-content-center\">...</button> is not clickable at point (949, 200). Other element would receive the click: <img class=\"w-100\" src=\"/react/build/static/media/securityNew.b4c486c81d2dcb337cda.jpg\" alt=\"\">\r\n\tat com.codeborne.selenide.impl.ExceptionWrapper.wrap(ExceptionWrapper.java:26)\r\n\tat com.codeborne.selenide.impl.SelenideElementProxy.dispatchAndRetry(SelenideElementProxy.java:153)\r\n\tat com.codeborne.selenide.impl.SelenideElementProxy.invoke(SelenideElementProxy.java:83)\r\n\tat jdk.proxy2/jdk.proxy2.$Proxy16.click(Unknown Source)\r\n\tat StepObject.SearchSteps.GoToSearchPage(SearchSteps.java:19)\r\n\tat Mymarket.SearchPageTests.SearchOnlineShop(SearchPageTests.java:39)\r\n\tat java.base/jdk.internal.reflect.NativeMethodAccessorImpl.invoke0(Native Method)\r\n\tat java.base/jdk.internal.reflect.NativeMethodAccessorImpl.invoke(NativeMethodAccessorImpl.java:77)\r\n\tat java.base/jdk.internal.reflect.DelegatingMethodAccessorImpl.invoke(DelegatingMethodAccessorImpl.java:43)\r\n\tat java.base/java.lang.reflect.Method.invoke(Method.java:568)\r\n\tat org.testng.internal.invokers.MethodInvocationHelper.invokeMethod(MethodInvocationHelper.java:139)\r\n\tat org.testng.internal.invokers.TestInvoker.invokeMethod(TestInvoker.java:677)\r\n\tat org.testng.internal.invokers.TestInvoker.retryFailed(TestInvoker.java:263)\r\n\tat org.testng.internal.invokers.MethodRunner.runInSequence(MethodRunner.java:62)\r\n\tat org.testng.internal.invokers.TestInvoker$MethodInvocationAgent.invoke(TestInvoker.java:962)\r\n\tat org.testng.internal.invokers.TestInvoker.invokeTestMethods(TestInvoker.java:194)\r\n\tat org.testng.internal.invokers.TestMethodWorker.invokeTestMethods(TestMethodWorker.java:148)\r\n\tat org.testng.internal.invokers.TestMethodWorker.run(TestMethodWorker.java:128)\r\n\tat java.base/java.util.ArrayList.forEach(ArrayList.java:1511)\r\n\tat org.testng.TestRunner.privateRun(TestRunner.java:806)\r\n\tat org.testng.TestRunner.run(TestRunner.java:601)\r\n\tat org.testng.SuiteRunner.runTest(SuiteRunner.java:433)\r\n\tat org.testng.SuiteRunner.runSequentially(SuiteRunner.java:427)\r\n\tat org.testng.SuiteRunner.privateRun(SuiteRunner.java:387)\r\n\tat org.testng.SuiteRunner.run(SuiteRunner.java:330)\r\n\tat org.testng.SuiteRunnerWorker.runSuite(SuiteRunnerWorker.java:52)\r\n\tat org.testng.SuiteRunnerWorker.run(SuiteRunnerWorker.java:95)\r\n\tat org.testng.TestNG.runSuitesSequentially(TestNG.java:1256)\r\n\tat org.testng.TestNG.runSuitesLocally(TestNG.java:1176)\r\n\tat org.testng.TestNG.runSuites(TestNG.java:1099)\r\n\tat org.testng.TestNG.run(TestNG.java:1067)\r\n\tat com.intellij.rt.testng.IDEARemoteTestNG.run(IDEARemoteTestNG.java:66)\r\n\tat com.intellij.rt.testng.RemoteTestNGStarter.main(RemoteTestNGStarter.java:109)\r\nCaused by: org.openqa.selenium.ElementClickInterceptedException: element click intercepted: Element <button type=\"submit\" class=\"search-icon position-absolute border-0 rounded-circle align-items-center p-0 d-flex align-items-center justify-content-center\">...</button> is not clickable at point (949, 200). Other element would receive the click: <img class=\"w-100\" src=\"/react/build/static/media/securityNew.b4c486c81d2dcb337cda.jpg\" alt=\"\">\n  (Session info: chrome=106.0.5249.119)\nBuild info: version: '4.1.1', revision: 'e8fcc2cecf'\nSystem info: host: 'DESKTOP-SASB5U7', ip: '172.25.25.79', os.name: 'Windows 10', os.arch: 'amd64', os.version: '10.0', java.version: '17.0.2'\nDriver info: org.openqa.selenium.chrome.ChromeDriver\nCommand: [a4e1f81956bda1d4256799670e0b1302, clickElement {id=4575ae7b-971e-4184-bcfe-f76b5db0d003}]\nCapabilities {acceptInsecureCerts: true, browserName: chrome, browserVersion: 106.0.5249.119, chrome: {chromedriverVersion: 106.0.5249.61 (511755355844..., userDataDir: C:\\Users\\REZOGO~1\\AppData\\L...}, goog:chromeOptions: {debuggerAddress: localhost:61380}, javascriptEnabled: true, networkConnectionEnabled: false, pageLoadStrategy: normal, platform: WINDOWS, platformName: WINDOWS, proxy: Proxy(), se:cdp: ws://localhost:61380/devtoo..., se:cdpVersion: 106.0.5249.119, setWindowRect: true, strictFileInteractability: false, timeouts: {implicit: 0, pageLoad: 300000, script: 30000}, unhandledPromptBehavior: dismiss and notify, webauthn:extension:credBlob: true, webauthn:extension:largeBlob: true, webauthn:virtualAuthenticators: true}\nElement: [[ChromeDriver: chrome on WINDOWS (a4e1f81956bda1d4256799670e0b1302)] -> css selector: [type=\"submit\"]]\nSession ID: a4e1f81956bda1d4256799670e0b1302\r\n\tat jdk.internal.reflect.GeneratedConstructorAccessor14.newInstance(Unknown Source)\r\n\tat java.base/jdk.internal.reflect.DelegatingConstructorAccessorImpl.newInstance(DelegatingConstructorAccessorImpl.java:45)\r\n\tat java.base/java.lang.reflect.Constructor.newInstanceWithCaller(Constructor.java:499)\r\n\tat java.base/java.lang.reflect.Constructor.newInstance(Constructor.java:480)\r\n\tat org.openqa.selenium.remote.codec.w3c.W3CHttpResponseCodec.createException(W3CHttpResponseCodec.java:200)\r\n\tat org.openqa.selenium.remote.codec.w3c.W3CHttpResponseCodec.decode(W3CHttpResponseCodec.java:133)\r\n\tat org.openqa.selenium.remote.codec.w3c.W3CHttpResponseCodec.decode(W3CHttpResponseCodec.java:53)\r\n\tat org.openqa.selenium.remote.HttpCommandExecutor.execute(HttpCommandExecutor.java:184)\r\n\tat org.openqa.selenium.remote.service.DriverCommandExecutor.invokeExecute(DriverCommandExecutor.java:167)\r\n\tat org.openqa.selenium.remote.service.DriverCommandExecutor.execute(DriverCommandExecutor.java:142)\r\n\tat org.openqa.selenium.remote.RemoteWebDriver.execute(RemoteWebDriver.java:543)\r\n\tat org.openqa.selenium.remote.RemoteWebElement.execute(RemoteWebElement.java:251)\r\n\tat org.openqa.selenium.remote.RemoteWebElement.click(RemoteWebElement.java:77)\r\n\tat com.codeborne.selenide.commands.Click.defaultClick(Click.java:97)\r\n\tat com.codeborne.selenide.commands.Click.click(Click.java:54)\r\n\tat com.codeborne.selenide.commands.Click.execute(Click.java:31)\r\n\tat com.codeborne.selenide.commands.Click.execute(Click.java:21)\r\n\tat com.codeborne.selenide.commands.Commands.execute(Commands.java:155)\r\n\tat com.codeborne.selenide.impl.SelenideElementProxy.dispatchAndRetry(SelenideElementProxy.java:131)\r\n\t... 31 more\r\n"},"stage":"finished","description":"OnlineShop and Shop Filter","steps":[{"name":"Go to search page","status":"failed","statusDetails":{"known":false,"muted":false,"flaky":false,"message":"Invalid element state [[type=\"submit\"]]: element click intercepted: Element <button type=\"submit\" class=\"search-icon position-absolute border-0 rounded-circle align-items-center p-0 d-flex align-items-center justify-content-center\">...</button> is not clickable at point (949, 200). Other element would receive the click: <img class=\"w-100\" src=\"/react/build/static/media/securityNew.b4c486c81d2dcb337cda.jpg\" alt=\"\">\r\nScreenshot: file:/C:/Users/rezo%20gokadze/Desktop/Tnet/Mymarket/build/reports/tests/1666963253402.5.png\r\nPage source: file:/C:/Users/rezo%20gokadze/Desktop/Tnet/Mymarket/build/reports/tests/1666963253402.5.html\r\nTimeout: 4 s.\r\nCaused by: ElementClickInterceptedException: element click intercepted: Element <button type=\"submit\" class=\"search-icon position-absolute border-0 rounded-circle align-items-center p-0 d-flex align-items-center justify-content-center\">...</button> is not clickable at point (949, 200). Other element would receive the click: <img class=\"w-100\" src=\"/react/build/static/media/securityNew.b4c486c81d2dcb337cda.jpg\" alt=\"\">","trace":"Invalid element state [[type=\"submit\"]]: element click intercepted: Element <button type=\"submit\" class=\"search-icon position-absolute border-0 rounded-circle align-items-center p-0 d-flex align-items-center justify-content-center\">...</button> is not clickable at point (949, 200). Other element would receive the click: <img class=\"w-100\" src=\"/react/build/static/media/securityNew.b4c486c81d2dcb337cda.jpg\" alt=\"\">\r\nScreenshot: file:/C:/Users/rezo%20gokadze/Desktop/Tnet/Mymarket/build/reports/tests/1666963253402.5.png\r\nPage source: file:/C:/Users/rezo%20gokadze/Desktop/Tnet/Mymarket/build/reports/tests/1666963253402.5.html\r\nTimeout: 4 s.\r\nCaused by: ElementClickInterceptedException: element click intercepted: Element <button type=\"submit\" class=\"search-icon position-absolute border-0 rounded-circle align-items-center p-0 d-flex align-items-center justify-content-center\">...</button> is not clickable at point (949, 200). Other element would receive the click: <img class=\"w-100\" src=\"/react/build/static/media/securityNew.b4c486c81d2dcb337cda.jpg\" alt=\"\">\r\n\tat com.codeborne.selenide.impl.ExceptionWrapper.wrap(ExceptionWrapper.java:26)\r\n\tat com.codeborne.selenide.impl.SelenideElementProxy.dispatchAndRetry(SelenideElementProxy.java:153)\r\n\tat com.codeborne.selenide.impl.SelenideElementProxy.invoke(SelenideElementProxy.java:83)\r\n\tat jdk.proxy2/jdk.proxy2.$Proxy16.click(Unknown Source)\r\n\tat StepObject.SearchSteps.GoToSearchPage(SearchSteps.java:19)\r\n\tat Mymarket.SearchPageTests.SearchOnlineShop(SearchPageTests.java:39)\r\n\tat java.base/jdk.internal.reflect.NativeMethodAccessorImpl.invoke0(Native Method)\r\n\tat java.base/jdk.internal.reflect.NativeMethodAccessorImpl.invoke(NativeMethodAccessorImpl.java:77)\r\n\tat java.base/jdk.internal.reflect.DelegatingMethodAccessorImpl.invoke(DelegatingMethodAccessorImpl.java:43)\r\n\tat java.base/java.lang.reflect.Method.invoke(Method.java:568)\r\n\tat org.testng.internal.invokers.MethodInvocationHelper.invokeMethod(MethodInvocationHelper.java:139)\r\n\tat org.testng.internal.invokers.TestInvoker.invokeMethod(TestInvoker.java:677)\r\n\tat org.testng.internal.invokers.TestInvoker.retryFailed(TestInvoker.java:263)\r\n\tat org.testng.internal.invokers.MethodRunner.runInSequence(MethodRunner.java:62)\r\n\tat org.testng.internal.invokers.TestInvoker$MethodInvocationAgent.invoke(TestInvoker.java:962)\r\n\tat org.testng.internal.invokers.TestInvoker.invokeTestMethods(TestInvoker.java:194)\r\n\tat org.testng.internal.invokers.TestMethodWorker.invokeTestMethods(TestMethodWorker.java:148)\r\n\tat org.testng.internal.invokers.TestMethodWorker.run(TestMethodWorker.java:128)\r\n\tat java.base/java.util.ArrayList.forEach(ArrayList.java:1511)\r\n\tat org.testng.TestRunner.privateRun(TestRunner.java:806)\r\n\tat org.testng.TestRunner.run(TestRunner.java:601)\r\n\tat org.testng.SuiteRunner.runTest(SuiteRunner.java:433)\r\n\tat org.testng.SuiteRunner.runSequentially(SuiteRunner.java:427)\r\n\tat org.testng.SuiteRunner.privateRun(SuiteRunner.java:387)\r\n\tat org.testng.SuiteRunner.run(SuiteRunner.java:330)\r\n\tat org.testng.SuiteRunnerWorker.runSuite(SuiteRunnerWorker.java:52)\r\n\tat org.testng.SuiteRunnerWorker.run(SuiteRunnerWorker.java:95)\r\n\tat org.testng.TestNG.runSuitesSequentially(TestNG.java:1256)\r\n\tat org.testng.TestNG.runSuitesLocally(TestNG.java:1176)\r\n\tat org.testng.TestNG.runSuites(TestNG.java:1099)\r\n\tat org.testng.TestNG.run(TestNG.java:1067)\r\n\tat com.intellij.rt.testng.IDEARemoteTestNG.run(IDEARemoteTestNG.java:66)\r\n\tat com.intellij.rt.testng.RemoteTestNGStarter.main(RemoteTestNGStarter.java:109)\r\nCaused by: org.openqa.selenium.ElementClickInterceptedException: element click intercepted: Element <button type=\"submit\" class=\"search-icon position-absolute border-0 rounded-circle align-items-center p-0 d-flex align-items-center justify-content-center\">...</button> is not clickable at point (949, 200). Other element would receive the click: <img class=\"w-100\" src=\"/react/build/static/media/securityNew.b4c486c81d2dcb337cda.jpg\" alt=\"\">\n  (Session info: chrome=106.0.5249.119)\nBuild info: version: '4.1.1', revision: 'e8fcc2cecf'\nSystem info: host: 'DESKTOP-SASB5U7', ip: '172.25.25.79', os.name: 'Windows 10', os.arch: 'amd64', os.version: '10.0', java.version: '17.0.2'\nDriver info: org.openqa.selenium.chrome.ChromeDriver\nCommand: [a4e1f81956bda1d4256799670e0b1302, clickElement {id=4575ae7b-971e-4184-bcfe-f76b5db0d003}]\nCapabilities {acceptInsecureCerts: true, browserName: chrome, browserVersion: 106.0.5249.119, chrome: {chromedriverVersion: 106.0.5249.61 (511755355844..., userDataDir: C:\\Users\\REZOGO~1\\AppData\\L...}, goog:chromeOptions: {debuggerAddress: localhost:61380}, javascriptEnabled: true, networkConnectionEnabled: false, pageLoadStrategy: normal, platform: WINDOWS, platformName: WINDOWS, proxy: Proxy(), se:cdp: ws://localhost:61380/devtoo..., se:cdpVersion: 106.0.5249.119, setWindowRect: true, strictFileInteractability: false, timeouts: {implicit: 0, pageLoad: 300000, script: 30000}, unhandledPromptBehavior: dismiss and notify, webauthn:extension:credBlob: true, webauthn:extension:largeBlob: true, webauthn:virtualAuthenticators: true}\nElement: [[ChromeDriver: chrome on WINDOWS (a4e1f81956bda1d4256799670e0b1302)] -> css selector: [type=\"submit\"]]\nSession ID: a4e1f81956bda1d4256799670e0b1302\r\n\tat jdk.internal.reflect.GeneratedConstructorAccessor14.newInstance(Unknown Source)\r\n\tat java.base/jdk.internal.reflect.DelegatingConstructorAccessorImpl.newInstance(DelegatingConstructorAccessorImpl.java:45)\r\n\tat java.base/java.lang.reflect.Constructor.newInstanceWithCaller(Constructor.java:499)\r\n\tat java.base/java.lang.reflect.Constructor.newInstance(Constructor.java:480)\r\n\tat org.openqa.selenium.remote.codec.w3c.W3CHttpResponseCodec.createException(W3CHttpResponseCodec.java:200)\r\n\tat org.openqa.selenium.remote.codec.w3c.W3CHttpResponseCodec.decode(W3CHttpResponseCodec.java:133)\r\n\tat org.openqa.selenium.remote.codec.w3c.W3CHttpResponseCodec.decode(W3CHttpResponseCodec.java:53)\r\n\tat org.openqa.selenium.remote.HttpCommandExecutor.execute(HttpCommandExecutor.java:184)\r\n\tat org.openqa.selenium.remote.service.DriverCommandExecutor.invokeExecute(DriverCommandExecutor.java:167)\r\n\tat org.openqa.selenium.remote.service.DriverCommandExecutor.execute(DriverCommandExecutor.java:142)\r\n\tat org.openqa.selenium.remote.RemoteWebDriver.execute(RemoteWebDriver.java:543)\r\n\tat org.openqa.selenium.remote.RemoteWebElement.execute(RemoteWebElement.java:251)\r\n\tat org.openqa.selenium.remote.RemoteWebElement.click(RemoteWebElement.java:77)\r\n\tat com.codeborne.selenide.commands.Click.defaultClick(Click.java:97)\r\n\tat com.codeborne.selenide.commands.Click.click(Click.java:54)\r\n\tat com.codeborne.selenide.commands.Click.execute(Click.java:31)\r\n\tat com.codeborne.selenide.commands.Click.execute(Click.java:21)\r\n\tat com.codeborne.selenide.commands.Commands.execute(Commands.java:155)\r\n\tat com.codeborne.selenide.impl.SelenideElementProxy.dispatchAndRetry(SelenideElementProxy.java:131)\r\n\t... 31 more\r\n"},"stage":"finished","steps":[],"attachments":[],"parameters":[],"start":1666963248328,"stop":1666963253901}],"attachments":[],"parameters":[],"start":1666963248327,"stop":1666963253909}