{"name":"SearchLocation","status":"skipped","statusDetails":{"known":false,"muted":false,"flaky":false,"message":"Invalid element state [[type=\"submit\"]]: element click intercepted: Element <button type=\"submit\" class=\"search-icon position-absolute border-0 rounded-circle align-items-center p-0 d-flex align-items-center justify-content-center\">...</button> is not clickable at point (949, 200). Other element would receive the click: <img class=\"w-100\" src=\"/react/build/static/media/securityNew.b4c486c81d2dcb337cda.jpg\" alt=\"\">\r\nScreenshot: file:/C:/Users/rezo%20gokadze/Desktop/Tnet/Mymarket/build/reports/tests/1667302739633.1.png\r\nPage source: file:/C:/Users/rezo%20gokadze/Desktop/Tnet/Mymarket/build/reports/tests/1667302739633.1.html\r\nTimeout: 4 s.\r\nCaused by: ElementClickInterceptedException: element click intercepted: Element <button type=\"submit\" class=\"search-icon position-absolute border-0 rounded-circle align-items-center p-0 d-flex align-items-center justify-content-center\">...</button> is not clickable at point (949, 200). Other element would receive the click: <img class=\"w-100\" src=\"/react/build/static/media/securityNew.b4c486c81d2dcb337cda.jpg\" alt=\"\">","trace":"Invalid element state [[type=\"submit\"]]: element click intercepted: Element <button type=\"submit\" class=\"search-icon position-absolute border-0 rounded-circle align-items-center p-0 d-flex align-items-center justify-content-center\">...</button> is not clickable at point (949, 200). Other element would receive the click: <img class=\"w-100\" src=\"/react/build/static/media/securityNew.b4c486c81d2dcb337cda.jpg\" alt=\"\">\r\nScreenshot: file:/C:/Users/rezo%20gokadze/Desktop/Tnet/Mymarket/build/reports/tests/1667302739633.1.png\r\nPage source: file:/C:/Users/rezo%20gokadze/Desktop/Tnet/Mymarket/build/reports/tests/1667302739633.1.html\r\nTimeout: 4 s.\r\nCaused by: ElementClickInterceptedException: element click intercepted: Element <button type=\"submit\" class=\"search-icon position-absolute border-0 rounded-circle align-items-center p-0 d-flex align-items-center justify-content-center\">...</button> is not clickable at point (949, 200). Other element would receive the click: <img class=\"w-100\" src=\"/react/build/static/media/securityNew.b4c486c81d2dcb337cda.jpg\" alt=\"\">\r\n\tat com.codeborne.selenide.impl.ExceptionWrapper.wrap(ExceptionWrapper.java:26)\r\n\tat com.codeborne.selenide.impl.SelenideElementProxy.dispatchAndRetry(SelenideElementProxy.java:153)\r\n\tat com.codeborne.selenide.impl.SelenideElementProxy.invoke(SelenideElementProxy.java:83)\r\n\tat jdk.proxy2/jdk.proxy2.$Proxy20.click(Unknown Source)\r\n\tat StepObject.SearchSteps.GoToSearchPage(SearchSteps.java:19)\r\n\tat Mymarket.SearchPageTests.SearchLocation(SearchPageTests.java:26)\r\n\tat java.base/jdk.internal.reflect.NativeMethodAccessorImpl.invoke0(Native Method)\r\n\tat java.base/jdk.internal.reflect.NativeMethodAccessorImpl.invoke(NativeMethodAccessorImpl.java:77)\r\n\tat java.base/jdk.internal.reflect.DelegatingMethodAccessorImpl.invoke(DelegatingMethodAccessorImpl.java:43)\r\n\tat java.base/java.lang.reflect.Method.invoke(Method.java:568)\r\n\tat org.testng.internal.MethodInvocationHelper.invokeMethod(MethodInvocationHelper.java:133)\r\n\tat org.testng.internal.TestInvoker.invokeMethod(TestInvoker.java:598)\r\n\tat org.testng.internal.TestInvoker.retryFailed(TestInvoker.java:213)\r\n\tat org.testng.internal.MethodRunner.runInSequence(MethodRunner.java:58)\r\n\tat org.testng.internal.TestInvoker$MethodInvocationAgent.invoke(TestInvoker.java:824)\r\n\tat org.testng.internal.TestInvoker.invokeTestMethods(TestInvoker.java:146)\r\n\tat org.testng.internal.TestMethodWorker.invokeTestMethods(TestMethodWorker.java:146)\r\n\tat org.testng.internal.TestMethodWorker.run(TestMethodWorker.java:128)\r\n\tat java.base/java.util.ArrayList.forEach(ArrayList.java:1511)\r\n\tat org.testng.TestRunner.privateRun(TestRunner.java:794)\r\n\tat org.testng.TestRunner.run(TestRunner.java:596)\r\n\tat org.testng.SuiteRunner.runTest(SuiteRunner.java:377)\r\n\tat org.testng.SuiteRunner.runSequentially(SuiteRunner.java:371)\r\n\tat org.testng.SuiteRunner.privateRun(SuiteRunner.java:332)\r\n\tat org.testng.SuiteRunner.run(SuiteRunner.java:276)\r\n\tat org.testng.SuiteRunnerWorker.runSuite(SuiteRunnerWorker.java:53)\r\n\tat org.testng.SuiteRunnerWorker.run(SuiteRunnerWorker.java:96)\r\n\tat org.testng.TestNG.runSuitesSequentially(TestNG.java:1212)\r\n\tat org.testng.TestNG.runSuitesLocally(TestNG.java:1134)\r\n\tat org.testng.TestNG.runSuites(TestNG.java:1063)\r\n\tat org.testng.TestNG.run(TestNG.java:1031)\r\n\tat com.intellij.rt.testng.IDEARemoteTestNG.run(IDEARemoteTestNG.java:66)\r\n\tat com.intellij.rt.testng.RemoteTestNGStarter.main(RemoteTestNGStarter.java:109)\r\nCaused by: org.openqa.selenium.ElementClickInterceptedException: element click intercepted: Element <button type=\"submit\" class=\"search-icon position-absolute border-0 rounded-circle align-items-center p-0 d-flex align-items-center justify-content-center\">...</button> is not clickable at point (949, 200). Other element would receive the click: <img class=\"w-100\" src=\"/react/build/static/media/securityNew.b4c486c81d2dcb337cda.jpg\" alt=\"\">\n  (Session info: chrome=106.0.5249.121)\nBuild info: version: '4.0.0-beta-3', revision: '5d108f9a67'\nSystem info: host: 'DESKTOP-SASB5U7', ip: '192.168.0.103', os.name: 'Windows 10', os.arch: 'amd64', os.version: '10.0', java.version: '17.0.2'\nDriver info: org.openqa.selenium.chrome.ChromeDriver\nCommand: [c13e890a38637ba73bd68143f1bbc7ef, clickElement {id=cf92d56c-1ff1-4111-bb9f-629854daae75}]\nCapabilities {acceptInsecureCerts: true, browserName: chrome, browserVersion: 106.0.5249.121, chrome: {chromedriverVersion: 106.0.5249.61 (511755355844..., userDataDir: C:\\Users\\REZOGO~1\\AppData\\L...}, goog:chromeOptions: {debuggerAddress: localhost:63247}, javascriptEnabled: true, networkConnectionEnabled: false, pageLoadStrategy: normal, platform: WINDOWS, platformName: WINDOWS, proxy: Proxy(), se:cdp: ws://localhost:63247/devtoo..., se:cdpVersion: 106.0.5249.121, setWindowRect: true, strictFileInteractability: false, timeouts: {implicit: 0, pageLoad: 300000, script: 30000}, unhandledPromptBehavior: dismiss and notify, webauthn:extension:credBlob: true, webauthn:extension:largeBlob: true, webauthn:virtualAuthenticators: true}\nElement: [[ChromeDriver: chrome on WINDOWS (c13e890a38637ba73bd68143f1bbc7ef)] -> css selector: [type=\"submit\"]]\nSession ID: c13e890a38637ba73bd68143f1bbc7ef\r\n\tat java.base/jdk.internal.reflect.NativeConstructorAccessorImpl.newInstance0(Native Method)\r\n\tat java.base/jdk.internal.reflect.NativeConstructorAccessorImpl.newInstance(NativeConstructorAccessorImpl.java:77)\r\n\tat java.base/jdk.internal.reflect.DelegatingConstructorAccessorImpl.newInstance(DelegatingConstructorAccessorImpl.java:45)\r\n\tat java.base/java.lang.reflect.Constructor.newInstanceWithCaller(Constructor.java:499)\r\n\tat java.base/java.lang.reflect.Constructor.newInstance(Constructor.java:480)\r\n\tat org.openqa.selenium.remote.codec.w3c.W3CHttpResponseCodec.createException(W3CHttpResponseCodec.java:198)\r\n\tat org.openqa.selenium.remote.codec.w3c.W3CHttpResponseCodec.decode(W3CHttpResponseCodec.java:131)\r\n\tat org.openqa.selenium.remote.codec.w3c.W3CHttpResponseCodec.decode(W3CHttpResponseCodec.java:52)\r\n\tat org.openqa.selenium.remote.HttpCommandExecutor.execute(HttpCommandExecutor.java:184)\r\n\tat org.openqa.selenium.remote.service.DriverCommandExecutor.invokeExecute(DriverCommandExecutor.java:153)\r\n\tat org.openqa.selenium.remote.service.DriverCommandExecutor.execute(DriverCommandExecutor.java:128)\r\n\tat org.openqa.selenium.remote.RemoteWebDriver.execute(RemoteWebDriver.java:619)\r\n\tat org.openqa.selenium.remote.RemoteWebElement.execute(RemoteWebElement.java:237)\r\n\tat org.openqa.selenium.remote.RemoteWebElement.click(RemoteWebElement.java:75)\r\n\tat com.codeborne.selenide.commands.Click.defaultClick(Click.java:73)\r\n\tat com.codeborne.selenide.commands.Click.click(Click.java:52)\r\n\tat com.codeborne.selenide.commands.Click.execute(Click.java:29)\r\n\tat com.codeborne.selenide.commands.Click.execute(Click.java:19)\r\n\tat com.codeborne.selenide.commands.Commands.execute(Commands.java:154)\r\n\tat com.codeborne.selenide.impl.SelenideElementProxy.dispatchAndRetry(SelenideElementProxy.java:131)\r\n\t... 31 more\r\n"},"stage":"finished","description":"Location Filter Check","steps":[{"name":"Go to search page","status":"failed","statusDetails":{"known":false,"muted":false,"flaky":false,"message":"Invalid element state [[type=\"submit\"]]: element click intercepted: Element <button type=\"submit\" class=\"search-icon position-absolute border-0 rounded-circle align-items-center p-0 d-flex align-items-center justify-content-center\">...</button> is not clickable at point (949, 200). Other element would receive the click: <img class=\"w-100\" src=\"/react/build/static/media/securityNew.b4c486c81d2dcb337cda.jpg\" alt=\"\">\r\nScreenshot: file:/C:/Users/rezo%20gokadze/Desktop/Tnet/Mymarket/build/reports/tests/1667302739633.1.png\r\nPage source: file:/C:/Users/rezo%20gokadze/Desktop/Tnet/Mymarket/build/reports/tests/1667302739633.1.html\r\nTimeout: 4 s.\r\nCaused by: ElementClickInterceptedException: element click intercepted: Element <button type=\"submit\" class=\"search-icon position-absolute border-0 rounded-circle align-items-center p-0 d-flex align-items-center justify-content-center\">...</button> is not clickable at point (949, 200). Other element would receive the click: <img class=\"w-100\" src=\"/react/build/static/media/securityNew.b4c486c81d2dcb337cda.jpg\" alt=\"\">","trace":"Invalid element state [[type=\"submit\"]]: element click intercepted: Element <button type=\"submit\" class=\"search-icon position-absolute border-0 rounded-circle align-items-center p-0 d-flex align-items-center justify-content-center\">...</button> is not clickable at point (949, 200). Other element would receive the click: <img class=\"w-100\" src=\"/react/build/static/media/securityNew.b4c486c81d2dcb337cda.jpg\" alt=\"\">\r\nScreenshot: file:/C:/Users/rezo%20gokadze/Desktop/Tnet/Mymarket/build/reports/tests/1667302739633.1.png\r\nPage source: file:/C:/Users/rezo%20gokadze/Desktop/Tnet/Mymarket/build/reports/tests/1667302739633.1.html\r\nTimeout: 4 s.\r\nCaused by: ElementClickInterceptedException: element click intercepted: Element <button type=\"submit\" class=\"search-icon position-absolute border-0 rounded-circle align-items-center p-0 d-flex align-items-center justify-content-center\">...</button> is not clickable at point (949, 200). Other element would receive the click: <img class=\"w-100\" src=\"/react/build/static/media/securityNew.b4c486c81d2dcb337cda.jpg\" alt=\"\">\r\n\tat com.codeborne.selenide.impl.ExceptionWrapper.wrap(ExceptionWrapper.java:26)\r\n\tat com.codeborne.selenide.impl.SelenideElementProxy.dispatchAndRetry(SelenideElementProxy.java:153)\r\n\tat com.codeborne.selenide.impl.SelenideElementProxy.invoke(SelenideElementProxy.java:83)\r\n\tat jdk.proxy2/jdk.proxy2.$Proxy20.click(Unknown Source)\r\n\tat StepObject.SearchSteps.GoToSearchPage(SearchSteps.java:19)\r\n\tat Mymarket.SearchPageTests.SearchLocation(SearchPageTests.java:26)\r\n\tat java.base/jdk.internal.reflect.NativeMethodAccessorImpl.invoke0(Native Method)\r\n\tat java.base/jdk.internal.reflect.NativeMethodAccessorImpl.invoke(NativeMethodAccessorImpl.java:77)\r\n\tat java.base/jdk.internal.reflect.DelegatingMethodAccessorImpl.invoke(DelegatingMethodAccessorImpl.java:43)\r\n\tat java.base/java.lang.reflect.Method.invoke(Method.java:568)\r\n\tat org.testng.internal.MethodInvocationHelper.invokeMethod(MethodInvocationHelper.java:133)\r\n\tat org.testng.internal.TestInvoker.invokeMethod(TestInvoker.java:598)\r\n\tat org.testng.internal.TestInvoker.retryFailed(TestInvoker.java:213)\r\n\tat org.testng.internal.MethodRunner.runInSequence(MethodRunner.java:58)\r\n\tat org.testng.internal.TestInvoker$MethodInvocationAgent.invoke(TestInvoker.java:824)\r\n\tat org.testng.internal.TestInvoker.invokeTestMethods(TestInvoker.java:146)\r\n\tat org.testng.internal.TestMethodWorker.invokeTestMethods(TestMethodWorker.java:146)\r\n\tat org.testng.internal.TestMethodWorker.run(TestMethodWorker.java:128)\r\n\tat java.base/java.util.ArrayList.forEach(ArrayList.java:1511)\r\n\tat org.testng.TestRunner.privateRun(TestRunner.java:794)\r\n\tat org.testng.TestRunner.run(TestRunner.java:596)\r\n\tat org.testng.SuiteRunner.runTest(SuiteRunner.java:377)\r\n\tat org.testng.SuiteRunner.runSequentially(SuiteRunner.java:371)\r\n\tat org.testng.SuiteRunner.privateRun(SuiteRunner.java:332)\r\n\tat org.testng.SuiteRunner.run(SuiteRunner.java:276)\r\n\tat org.testng.SuiteRunnerWorker.runSuite(SuiteRunnerWorker.java:53)\r\n\tat org.testng.SuiteRunnerWorker.run(SuiteRunnerWorker.java:96)\r\n\tat org.testng.TestNG.runSuitesSequentially(TestNG.java:1212)\r\n\tat org.testng.TestNG.runSuitesLocally(TestNG.java:1134)\r\n\tat org.testng.TestNG.runSuites(TestNG.java:1063)\r\n\tat org.testng.TestNG.run(TestNG.java:1031)\r\n\tat com.intellij.rt.testng.IDEARemoteTestNG.run(IDEARemoteTestNG.java:66)\r\n\tat com.intellij.rt.testng.RemoteTestNGStarter.main(RemoteTestNGStarter.java:109)\r\nCaused by: org.openqa.selenium.ElementClickInterceptedException: element click intercepted: Element <button type=\"submit\" class=\"search-icon position-absolute border-0 rounded-circle align-items-center p-0 d-flex align-items-center justify-content-center\">...</button> is not clickable at point (949, 200). Other element would receive the click: <img class=\"w-100\" src=\"/react/build/static/media/securityNew.b4c486c81d2dcb337cda.jpg\" alt=\"\">\n  (Session info: chrome=106.0.5249.121)\nBuild info: version: '4.0.0-beta-3', revision: '5d108f9a67'\nSystem info: host: 'DESKTOP-SASB5U7', ip: '192.168.0.103', os.name: 'Windows 10', os.arch: 'amd64', os.version: '10.0', java.version: '17.0.2'\nDriver info: org.openqa.selenium.chrome.ChromeDriver\nCommand: [c13e890a38637ba73bd68143f1bbc7ef, clickElement {id=cf92d56c-1ff1-4111-bb9f-629854daae75}]\nCapabilities {acceptInsecureCerts: true, browserName: chrome, browserVersion: 106.0.5249.121, chrome: {chromedriverVersion: 106.0.5249.61 (511755355844..., userDataDir: C:\\Users\\REZOGO~1\\AppData\\L...}, goog:chromeOptions: {debuggerAddress: localhost:63247}, javascriptEnabled: true, networkConnectionEnabled: false, pageLoadStrategy: normal, platform: WINDOWS, platformName: WINDOWS, proxy: Proxy(), se:cdp: ws://localhost:63247/devtoo..., se:cdpVersion: 106.0.5249.121, setWindowRect: true, strictFileInteractability: false, timeouts: {implicit: 0, pageLoad: 300000, script: 30000}, unhandledPromptBehavior: dismiss and notify, webauthn:extension:credBlob: true, webauthn:extension:largeBlob: true, webauthn:virtualAuthenticators: true}\nElement: [[ChromeDriver: chrome on WINDOWS (c13e890a38637ba73bd68143f1bbc7ef)] -> css selector: [type=\"submit\"]]\nSession ID: c13e890a38637ba73bd68143f1bbc7ef\r\n\tat java.base/jdk.internal.reflect.NativeConstructorAccessorImpl.newInstance0(Native Method)\r\n\tat java.base/jdk.internal.reflect.NativeConstructorAccessorImpl.newInstance(NativeConstructorAccessorImpl.java:77)\r\n\tat java.base/jdk.internal.reflect.DelegatingConstructorAccessorImpl.newInstance(DelegatingConstructorAccessorImpl.java:45)\r\n\tat java.base/java.lang.reflect.Constructor.newInstanceWithCaller(Constructor.java:499)\r\n\tat java.base/java.lang.reflect.Constructor.newInstance(Constructor.java:480)\r\n\tat org.openqa.selenium.remote.codec.w3c.W3CHttpResponseCodec.createException(W3CHttpResponseCodec.java:198)\r\n\tat org.openqa.selenium.remote.codec.w3c.W3CHttpResponseCodec.decode(W3CHttpResponseCodec.java:131)\r\n\tat org.openqa.selenium.remote.codec.w3c.W3CHttpResponseCodec.decode(W3CHttpResponseCodec.java:52)\r\n\tat org.openqa.selenium.remote.HttpCommandExecutor.execute(HttpCommandExecutor.java:184)\r\n\tat org.openqa.selenium.remote.service.DriverCommandExecutor.invokeExecute(DriverCommandExecutor.java:153)\r\n\tat org.openqa.selenium.remote.service.DriverCommandExecutor.execute(DriverCommandExecutor.java:128)\r\n\tat org.openqa.selenium.remote.RemoteWebDriver.execute(RemoteWebDriver.java:619)\r\n\tat org.openqa.selenium.remote.RemoteWebElement.execute(RemoteWebElement.java:237)\r\n\tat org.openqa.selenium.remote.RemoteWebElement.click(RemoteWebElement.java:75)\r\n\tat com.codeborne.selenide.commands.Click.defaultClick(Click.java:73)\r\n\tat com.codeborne.selenide.commands.Click.click(Click.java:52)\r\n\tat com.codeborne.selenide.commands.Click.execute(Click.java:29)\r\n\tat com.codeborne.selenide.commands.Click.execute(Click.java:19)\r\n\tat com.codeborne.selenide.commands.Commands.execute(Commands.java:154)\r\n\tat com.codeborne.selenide.impl.SelenideElementProxy.dispatchAndRetry(SelenideElementProxy.java:131)\r\n\t... 31 more\r\n"},"stage":"finished","steps":[],"attachments":[],"parameters":[],"start":1667302735586,"stop":1667302740209}],"attachments":[],"parameters":[],"start":1667302735584,"stop":1667302740228,"uuid":"15c09025-888c-4594-aca0-817a746ccac6","historyId":"9ec76b9adeb9a18a25ed02f4f3bdc13c","fullName":"Mymarket.SearchPageTests.SearchLocation","labels":[{"name":"package","value":"Mymarket.SearchPageTests"},{"name":"testClass","value":"Mymarket.SearchPageTests"},{"name":"testMethod","value":"SearchLocation"},{"name":"parentSuite","value":"Default Suite"},{"name":"suite","value":"Mymarket"},{"name":"subSuite","value":"Mymarket.SearchPageTests"},{"name":"host","value":"DESKTOP-SASB5U7"},{"name":"thread","value":"8436@DESKTOP-SASB5U7.main(1)"},{"name":"framework","value":"testng"},{"name":"language","value":"java"},{"name":"severity","value":"normal"}],"links":[]}